<?xml version="1.0" encoding="UTF-8"?>
<testng-results total="1" passed="1" failed="0" skipped="0">
  <reporter-output>
  </reporter-output>
  <suite started-at="2021-06-07T09:22:26Z" name="Default suite" finished-at="2021-06-07T09:22:28Z" duration-ms="1970">
    <groups>
    </groups>
    <test started-at="2021-06-07T09:22:26Z" name="Default test" finished-at="2021-06-07T09:22:28Z" duration-ms="1970">
      <class name="TC_002_POST_Request">
        <test-method signature="postCommentAPI()[pri:0, instance:TC_002_POST_Request@41fbdac4]" started-at="2021-06-07T14:52:26Z" name="postCommentAPI" finished-at="2021-06-07T14:52:28Z" duration-ms="1959" status="PASS">
          <reporter-output>
          </reporter-output>
        </test-method> <!-- postCommentAPI -->
      </class> <!-- TC_002_POST_Request -->
    </test> <!-- Default test -->
  </suite> <!-- Default suite -->
</testng-results>
