<?xml version="1.0" encoding="UTF-8"?>
<testng-results total="1" passed="1" failed="0" skipped="0">
  <reporter-output>
  </reporter-output>
  <suite started-at="2021-06-04T04:30:17Z" name="Default suite" finished-at="2021-06-04T04:30:18Z" duration-ms="1680">
    <groups>
    </groups>
    <test started-at="2021-06-04T04:30:17Z" name="Default test" finished-at="2021-06-04T04:30:18Z" duration-ms="1680">
      <class name="TC_001_GET_Request">
        <test-method signature="getWeatherDetails()[pri:0, instance:TC_001_GET_Request@41fbdac4]" started-at="2021-06-04T10:00:17Z" name="getWeatherDetails" finished-at="2021-06-04T10:00:18Z" duration-ms="1669" status="PASS">
          <reporter-output>
          </reporter-output>
        </test-method> <!-- getWeatherDetails -->
      </class> <!-- TC_001_GET_Request -->
    </test> <!-- Default test -->
  </suite> <!-- Default suite -->
</testng-results>
